#! /c/Source/iverilog-install/bin/vvp
:ivl_version "12.0 (devel)" "(s20150603-1110-g18392a46)";
:ivl_delay_selection "TYPICAL";
:vpi_time_precision + 0;
:vpi_module "C:\iverilog\lib\ivl\system.vpi";
:vpi_module "C:\iverilog\lib\ivl\vhdl_sys.vpi";
:vpi_module "C:\iverilog\lib\ivl\vhdl_textio.vpi";
:vpi_module "C:\iverilog\lib\ivl\v2005_math.vpi";
:vpi_module "C:\iverilog\lib\ivl\va_math.vpi";
S_000001c8ef802720 .scope module, "receiver" "receiver" 2 1;
 .timescale 0 0;
    .port_info 0 /INPUT 1 "rx";
    .port_info 1 /INPUT 1 "s_tick";
    .port_info 2 /INPUT 1 "clk";
    .port_info 3 /INPUT 1 "reset_n";
    .port_info 4 /OUTPUT 8 "rx_dout";
    .port_info 5 /OUTPUT 1 "rx_done_tick";
P_000001c8ef8028b0 .param/l "DBIT" 0 2 2, +C4<00000000000000000000000000001000>;
P_000001c8ef8028e8 .param/l "SB_TICK" 0 2 2, +C4<00000000000000000000000000010000>;
P_000001c8ef802920 .param/l "data" 1 2 9, +C4<00000000000000000000000000000010>;
P_000001c8ef802958 .param/l "idle" 1 2 9, +C4<00000000000000000000000000000000>;
P_000001c8ef802990 .param/l "start" 1 2 9, +C4<00000000000000000000000000000001>;
P_000001c8ef8029c8 .param/l "stop" 1 2 9, +C4<00000000000000000000000000000011>;
L_000001c8ef83e840 .functor BUFZ 8, v000001c8ef802a10_0, C4<00000000>, C4<00000000>, C4<00000000>;
v000001c8ef802e90_0 .var "b_next", 7 0;
v000001c8ef802a10_0 .var "b_reg", 7 0;
o000001c8ef840038 .functor BUFZ 1, C4<z>; HiZ drive
v000001c8ef802ab0_0 .net "clk", 0 0, o000001c8ef840038;  0 drivers
v000001c8ef802b50_0 .var "n_next", 2 0;
v000001c8ef888c40_0 .var "n_reg", 2 0;
o000001c8ef8400c8 .functor BUFZ 1, C4<z>; HiZ drive
v000001c8ef888ce0_0 .net "reset_n", 0 0, o000001c8ef8400c8;  0 drivers
o000001c8ef8400f8 .functor BUFZ 1, C4<z>; HiZ drive
v000001c8ef888d80_0 .net "rx", 0 0, o000001c8ef8400f8;  0 drivers
v000001c8ef888e20_0 .var "rx_done_tick", 0 0;
v000001c8ef888ec0_0 .net "rx_dout", 7 0, L_000001c8ef83e840;  1 drivers
v000001c8ef831980_0 .var "s_next", 3 0;
v000001c8ef831a20_0 .var "s_reg", 3 0;
o000001c8ef8401e8 .functor BUFZ 1, C4<z>; HiZ drive
v000001c8ef831ac0_0 .net "s_tick", 0 0, o000001c8ef8401e8;  0 drivers
v000001c8ef831b60_0 .var "state_next", 1 0;
v000001c8ef891740_0 .var "state_reg", 1 0;
E_000001c8ef826810/0 .event anyedge, v000001c8ef891740_0, v000001c8ef831a20_0, v000001c8ef888c40_0, v000001c8ef802a10_0;
E_000001c8ef826810/1 .event anyedge, v000001c8ef888d80_0, v000001c8ef831ac0_0;
E_000001c8ef826810 .event/or E_000001c8ef826810/0, E_000001c8ef826810/1;
E_000001c8ef8261d0/0 .event negedge, v000001c8ef888ce0_0;
E_000001c8ef8261d0/1 .event posedge, v000001c8ef802ab0_0;
E_000001c8ef8261d0 .event/or E_000001c8ef8261d0/0, E_000001c8ef8261d0/1;
    .scope S_000001c8ef802720;
T_0 ;
    %wait E_000001c8ef8261d0;
    %load/vec4 v000001c8ef888ce0_0;
    %nor/r;
    %flag_set/vec4 8;
    %jmp/0xz  T_0.0, 8;
    %pushi/vec4 0, 0, 2;
    %assign/vec4 v000001c8ef891740_0, 0;
    %pushi/vec4 0, 0, 4;
    %assign/vec4 v000001c8ef831a20_0, 0;
    %pushi/vec4 0, 0, 3;
    %assign/vec4 v000001c8ef888c40_0, 0;
    %pushi/vec4 0, 0, 8;
    %assign/vec4 v000001c8ef802a10_0, 0;
    %jmp T_0.1;
T_0.0 ;
    %load/vec4 v000001c8ef831b60_0;
    %assign/vec4 v000001c8ef891740_0, 0;
    %load/vec4 v000001c8ef831980_0;
    %assign/vec4 v000001c8ef831a20_0, 0;
    %load/vec4 v000001c8ef802b50_0;
    %assign/vec4 v000001c8ef888c40_0, 0;
    %load/vec4 v000001c8ef802e90_0;
    %assign/vec4 v000001c8ef802a10_0, 0;
T_0.1 ;
    %jmp T_0;
    .thread T_0;
    .scope S_000001c8ef802720;
T_1 ;
    %wait E_000001c8ef826810;
    %load/vec4 v000001c8ef891740_0;
    %store/vec4 v000001c8ef831b60_0, 0, 2;
    %load/vec4 v000001c8ef831a20_0;
    %store/vec4 v000001c8ef831980_0, 0, 4;
    %load/vec4 v000001c8ef888c40_0;
    %store/vec4 v000001c8ef802b50_0, 0, 3;
    %load/vec4 v000001c8ef802a10_0;
    %store/vec4 v000001c8ef802e90_0, 0, 8;
    %pushi/vec4 0, 0, 1;
    %store/vec4 v000001c8ef888e20_0, 0, 1;
    %load/vec4 v000001c8ef891740_0;
    %dup/vec4;
    %pushi/vec4 0, 0, 2;
    %cmp/u;
    %jmp/1 T_1.0, 6;
    %dup/vec4;
    %pushi/vec4 1, 0, 2;
    %cmp/u;
    %jmp/1 T_1.1, 6;
    %dup/vec4;
    %pushi/vec4 2, 0, 2;
    %cmp/u;
    %jmp/1 T_1.2, 6;
    %dup/vec4;
    %pushi/vec4 3, 0, 2;
    %cmp/u;
    %jmp/1 T_1.3, 6;
    %pushi/vec4 0, 0, 2;
    %store/vec4 v000001c8ef831b60_0, 0, 2;
    %jmp T_1.5;
T_1.0 ;
    %load/vec4 v000001c8ef888d80_0;
    %inv;
    %flag_set/vec4 8;
    %jmp/0xz  T_1.6, 8;
    %pushi/vec4 0, 0, 4;
    %store/vec4 v000001c8ef831980_0, 0, 4;
    %pushi/vec4 1, 0, 2;
    %store/vec4 v000001c8ef831b60_0, 0, 2;
    %jmp T_1.7;
T_1.6 ;
    %pushi/vec4 0, 0, 2;
    %store/vec4 v000001c8ef831b60_0, 0, 2;
T_1.7 ;
    %jmp T_1.5;
T_1.1 ;
    %load/vec4 v000001c8ef831ac0_0;
    %flag_set/vec4 8;
    %jmp/0xz  T_1.8, 8;
    %load/vec4 v000001c8ef831a20_0;
    %pad/u 32;
    %cmpi/e 7, 0, 32;
    %jmp/0xz  T_1.10, 4;
    %pushi/vec4 0, 0, 4;
    %store/vec4 v000001c8ef831980_0, 0, 4;
    %pushi/vec4 0, 0, 3;
    %store/vec4 v000001c8ef802b50_0, 0, 3;
    %pushi/vec4 2, 0, 2;
    %store/vec4 v000001c8ef831b60_0, 0, 2;
    %jmp T_1.11;
T_1.10 ;
    %load/vec4 v000001c8ef831a20_0;
    %addi 1, 0, 4;
    %store/vec4 v000001c8ef831980_0, 0, 4;
    %pushi/vec4 1, 0, 2;
    %store/vec4 v000001c8ef831b60_0, 0, 2;
T_1.11 ;
    %jmp T_1.9;
T_1.8 ;
    %pushi/vec4 1, 0, 2;
    %store/vec4 v000001c8ef831b60_0, 0, 2;
T_1.9 ;
    %jmp T_1.5;
T_1.2 ;
    %load/vec4 v000001c8ef831ac0_0;
    %flag_set/vec4 8;
    %jmp/0xz  T_1.12, 8;
    %load/vec4 v000001c8ef831a20_0;
    %pad/u 32;
    %cmpi/e 15, 0, 32;
    %jmp/0xz  T_1.14, 4;
    %pushi/vec4 0, 0, 4;
    %store/vec4 v000001c8ef831980_0, 0, 4;
    %load/vec4 v000001c8ef888d80_0;
    %load/vec4 v000001c8ef802a10_0;
    %parti/s 7, 1, 2;
    %concat/vec4; draw_concat_vec4
    %store/vec4 v000001c8ef802e90_0, 0, 8;
    %load/vec4 v000001c8ef888c40_0;
    %pad/u 32;
    %cmpi/e 7, 0, 32;
    %jmp/0xz  T_1.16, 4;
    %pushi/vec4 3, 0, 2;
    %store/vec4 v000001c8ef831b60_0, 0, 2;
    %jmp T_1.17;
T_1.16 ;
    %load/vec4 v000001c8ef888c40_0;
    %addi 1, 0, 3;
    %store/vec4 v000001c8ef802b50_0, 0, 3;
    %pushi/vec4 2, 0, 2;
    %store/vec4 v000001c8ef831b60_0, 0, 2;
T_1.17 ;
    %jmp T_1.15;
T_1.14 ;
    %load/vec4 v000001c8ef831a20_0;
    %addi 1, 0, 4;
    %store/vec4 v000001c8ef831980_0, 0, 4;
    %pushi/vec4 2, 0, 2;
    %store/vec4 v000001c8ef831b60_0, 0, 2;
T_1.15 ;
    %jmp T_1.13;
T_1.12 ;
    %pushi/vec4 2, 0, 2;
    %store/vec4 v000001c8ef831b60_0, 0, 2;
T_1.13 ;
    %jmp T_1.5;
T_1.3 ;
    %load/vec4 v000001c8ef831ac0_0;
    %flag_set/vec4 8;
    %jmp/0xz  T_1.18, 8;
    %load/vec4 v000001c8ef831a20_0;
    %pad/u 32;
    %cmpi/e 15, 0, 32;
    %jmp/0xz  T_1.20, 4;
    %pushi/vec4 1, 0, 1;
    %store/vec4 v000001c8ef888e20_0, 0, 1;
    %pushi/vec4 0, 0, 2;
    %store/vec4 v000001c8ef831b60_0, 0, 2;
    %jmp T_1.21;
T_1.20 ;
    %load/vec4 v000001c8ef831a20_0;
    %addi 1, 0, 4;
    %store/vec4 v000001c8ef831980_0, 0, 4;
    %pushi/vec4 3, 0, 2;
    %store/vec4 v000001c8ef831b60_0, 0, 2;
T_1.21 ;
    %jmp T_1.19;
T_1.18 ;
    %pushi/vec4 3, 0, 2;
    %store/vec4 v000001c8ef831b60_0, 0, 2;
T_1.19 ;
    %jmp T_1.5;
T_1.5 ;
    %pop/vec4 1;
    %jmp T_1;
    .thread T_1, $push;
# The file index is used to find the file name in the following table.
:file_names 3;
    "N/A";
    "<interactive>";
    "Reciver.v";
