#! /c/Source/iverilog-install/bin/vvp
:ivl_version "12.0 (devel)" "(s20150603-1110-g18392a46)";
:ivl_delay_selection "TYPICAL";
:vpi_time_precision + 0;
:vpi_module "C:\iverilog\lib\ivl\system.vpi";
:vpi_module "C:\iverilog\lib\ivl\vhdl_sys.vpi";
:vpi_module "C:\iverilog\lib\ivl\vhdl_textio.vpi";
:vpi_module "C:\iverilog\lib\ivl\v2005_math.vpi";
:vpi_module "C:\iverilog\lib\ivl\va_math.vpi";
S_000001865dc62830 .scope module, "Transmetr" "Transmetr" 2 1;
 .timescale 0 0;
    .port_info 0 /INPUT 8 "tx_din";
    .port_info 1 /INPUT 1 "s_tick";
    .port_info 2 /INPUT 1 "clk";
    .port_info 3 /INPUT 1 "reset_n";
    .port_info 4 /INPUT 1 "tx_start";
    .port_info 5 /OUTPUT 1 "tx";
    .port_info 6 /OUTPUT 1 "tx_done_tick";
P_000001865dc629c0 .param/l "DBIT" 0 2 2, +C4<00000000000000000000000000001000>;
P_000001865dc629f8 .param/l "SB_TICK" 0 2 2, +C4<00000000000000000000000000010000>;
P_000001865dc62a30 .param/l "data" 1 2 9, +C4<00000000000000000000000000000010>;
P_000001865dc62a68 .param/l "idle" 1 2 9, +C4<00000000000000000000000000000000>;
P_000001865dc62aa0 .param/l "start" 1 2 9, +C4<00000000000000000000000000000001>;
P_000001865dc62ad8 .param/l "stop" 1 2 9, +C4<00000000000000000000000000000011>;
L_000001865dca1670 .functor BUFZ 1, v000001865dc91700_0, C4<0>, C4<0>, C4<0>;
v000001865dc62e90_0 .var "b_next", 7 0;
v000001865dc62b20_0 .var "b_reg", 7 0;
o000001865dca5ff8 .functor BUFZ 1, C4<z>; HiZ drive
v000001865dc90f30_0 .net "clk", 0 0, o000001865dca5ff8;  0 drivers
v000001865dc90fd0_0 .var "n_next", 2 0;
v000001865dc91070_0 .var "n_reg", 2 0;
o000001865dca6088 .functor BUFZ 1, C4<z>; HiZ drive
v000001865dc91110_0 .net "reset_n", 0 0, o000001865dca6088;  0 drivers
v000001865dc911b0_0 .var "s_next", 3 0;
v000001865dc91250_0 .var "s_reg", 3 0;
o000001865dca6118 .functor BUFZ 1, C4<z>; HiZ drive
v000001865dc912f0_0 .net "s_tick", 0 0, o000001865dca6118;  0 drivers
v000001865dc91390_0 .var "state_next", 1 0;
v000001865dc91430_0 .var "state_reg", 1 0;
v000001865dc914d0_0 .net "tx", 0 0, L_000001865dca1670;  1 drivers
o000001865dca61d8 .functor BUFZ 8, C4<zzzzzzzz>; HiZ drive
v000001865dc91570_0 .net "tx_din", 7 0, o000001865dca61d8;  0 drivers
v000001865dc92380_0 .var "tx_done_tick", 0 0;
v000001865dc91980_0 .var "tx_next", 0 0;
v000001865dc91700_0 .var "tx_reg", 0 0;
o000001865dca6298 .functor BUFZ 1, C4<z>; HiZ drive
v000001865dc91e80_0 .net "tx_start", 0 0, o000001865dca6298;  0 drivers
E_000001865dc88190/0 .event anyedge, v000001865dc91430_0, v000001865dc91250_0, v000001865dc91070_0, v000001865dc62b20_0;
E_000001865dc88190/1 .event anyedge, v000001865dc91e80_0, v000001865dc91570_0, v000001865dc912f0_0;
E_000001865dc88190 .event/or E_000001865dc88190/0, E_000001865dc88190/1;
E_000001865dc88150/0 .event negedge, v000001865dc91110_0;
E_000001865dc88150/1 .event posedge, v000001865dc90f30_0;
E_000001865dc88150 .event/or E_000001865dc88150/0, E_000001865dc88150/1;
    .scope S_000001865dc62830;
T_0 ;
    %wait E_000001865dc88150;
    %load/vec4 v000001865dc91110_0;
    %nor/r;
    %flag_set/vec4 8;
    %jmp/0xz  T_0.0, 8;
    %pushi/vec4 0, 0, 2;
    %assign/vec4 v000001865dc91430_0, 0;
    %pushi/vec4 0, 0, 4;
    %assign/vec4 v000001865dc91250_0, 0;
    %pushi/vec4 0, 0, 3;
    %assign/vec4 v000001865dc91070_0, 0;
    %pushi/vec4 0, 0, 8;
    %assign/vec4 v000001865dc62b20_0, 0;
    %pushi/vec4 1, 0, 1;
    %assign/vec4 v000001865dc91700_0, 0;
    %jmp T_0.1;
T_0.0 ;
    %load/vec4 v000001865dc91390_0;
    %assign/vec4 v000001865dc91430_0, 0;
    %load/vec4 v000001865dc911b0_0;
    %assign/vec4 v000001865dc91250_0, 0;
    %load/vec4 v000001865dc90fd0_0;
    %assign/vec4 v000001865dc91070_0, 0;
    %load/vec4 v000001865dc62e90_0;
    %assign/vec4 v000001865dc62b20_0, 0;
    %load/vec4 v000001865dc91980_0;
    %assign/vec4 v000001865dc91700_0, 0;
T_0.1 ;
    %jmp T_0;
    .thread T_0;
    .scope S_000001865dc62830;
T_1 ;
    %wait E_000001865dc88190;
    %load/vec4 v000001865dc91430_0;
    %store/vec4 v000001865dc91390_0, 0, 2;
    %load/vec4 v000001865dc91250_0;
    %store/vec4 v000001865dc911b0_0, 0, 4;
    %load/vec4 v000001865dc91070_0;
    %store/vec4 v000001865dc90fd0_0, 0, 3;
    %load/vec4 v000001865dc62b20_0;
    %store/vec4 v000001865dc62e90_0, 0, 8;
    %pushi/vec4 0, 0, 1;
    %store/vec4 v000001865dc92380_0, 0, 1;
    %load/vec4 v000001865dc91430_0;
    %dup/vec4;
    %pushi/vec4 0, 0, 2;
    %cmp/u;
    %jmp/1 T_1.0, 6;
    %dup/vec4;
    %pushi/vec4 1, 0, 2;
    %cmp/u;
    %jmp/1 T_1.1, 6;
    %dup/vec4;
    %pushi/vec4 2, 0, 2;
    %cmp/u;
    %jmp/1 T_1.2, 6;
    %dup/vec4;
    %pushi/vec4 3, 0, 2;
    %cmp/u;
    %jmp/1 T_1.3, 6;
    %pushi/vec4 0, 0, 2;
    %store/vec4 v000001865dc91390_0, 0, 2;
    %jmp T_1.5;
T_1.0 ;
    %pushi/vec4 1, 0, 1;
    %store/vec4 v000001865dc91980_0, 0, 1;
    %load/vec4 v000001865dc91e80_0;
    %flag_set/vec4 8;
    %jmp/0xz  T_1.6, 8;
    %pushi/vec4 0, 0, 4;
    %store/vec4 v000001865dc911b0_0, 0, 4;
    %load/vec4 v000001865dc91570_0;
    %store/vec4 v000001865dc62e90_0, 0, 8;
    %pushi/vec4 1, 0, 2;
    %store/vec4 v000001865dc91390_0, 0, 2;
    %jmp T_1.7;
T_1.6 ;
    %pushi/vec4 0, 0, 2;
    %store/vec4 v000001865dc91390_0, 0, 2;
T_1.7 ;
    %jmp T_1.5;
T_1.1 ;
    %pushi/vec4 0, 0, 1;
    %store/vec4 v000001865dc91980_0, 0, 1;
    %load/vec4 v000001865dc912f0_0;
    %flag_set/vec4 8;
    %jmp/0xz  T_1.8, 8;
    %load/vec4 v000001865dc91250_0;
    %pad/u 32;
    %cmpi/e 15, 0, 32;
    %jmp/0xz  T_1.10, 4;
    %pushi/vec4 0, 0, 4;
    %store/vec4 v000001865dc911b0_0, 0, 4;
    %pushi/vec4 0, 0, 3;
    %store/vec4 v000001865dc90fd0_0, 0, 3;
    %pushi/vec4 2, 0, 2;
    %store/vec4 v000001865dc91390_0, 0, 2;
    %jmp T_1.11;
T_1.10 ;
    %load/vec4 v000001865dc91250_0;
    %addi 1, 0, 4;
    %store/vec4 v000001865dc911b0_0, 0, 4;
    %pushi/vec4 1, 0, 2;
    %store/vec4 v000001865dc91390_0, 0, 2;
T_1.11 ;
    %jmp T_1.9;
T_1.8 ;
    %pushi/vec4 1, 0, 2;
    %store/vec4 v000001865dc91390_0, 0, 2;
T_1.9 ;
    %jmp T_1.5;
T_1.2 ;
    %load/vec4 v000001865dc62b20_0;
    %parti/s 1, 0, 2;
    %store/vec4 v000001865dc91980_0, 0, 1;
    %load/vec4 v000001865dc912f0_0;
    %flag_set/vec4 8;
    %jmp/0xz  T_1.12, 8;
    %load/vec4 v000001865dc91250_0;
    %pad/u 32;
    %cmpi/e 15, 0, 32;
    %jmp/0xz  T_1.14, 4;
    %pushi/vec4 0, 0, 4;
    %store/vec4 v000001865dc911b0_0, 0, 4;
    %pushi/vec4 0, 0, 1;
    %load/vec4 v000001865dc62b20_0;
    %parti/s 7, 1, 2;
    %concat/vec4; draw_concat_vec4
    %store/vec4 v000001865dc62e90_0, 0, 8;
    %load/vec4 v000001865dc91070_0;
    %pad/u 32;
    %cmpi/e 7, 0, 32;
    %jmp/0xz  T_1.16, 4;
    %pushi/vec4 3, 0, 2;
    %store/vec4 v000001865dc91390_0, 0, 2;
    %jmp T_1.17;
T_1.16 ;
    %load/vec4 v000001865dc91070_0;
    %addi 1, 0, 3;
    %store/vec4 v000001865dc90fd0_0, 0, 3;
    %pushi/vec4 2, 0, 2;
    %store/vec4 v000001865dc91390_0, 0, 2;
T_1.17 ;
    %jmp T_1.15;
T_1.14 ;
    %load/vec4 v000001865dc91250_0;
    %addi 1, 0, 4;
    %store/vec4 v000001865dc911b0_0, 0, 4;
    %pushi/vec4 2, 0, 2;
    %store/vec4 v000001865dc91390_0, 0, 2;
T_1.15 ;
    %jmp T_1.13;
T_1.12 ;
    %pushi/vec4 2, 0, 2;
    %store/vec4 v000001865dc91390_0, 0, 2;
T_1.13 ;
    %jmp T_1.5;
T_1.3 ;
    %pushi/vec4 1, 0, 1;
    %store/vec4 v000001865dc91980_0, 0, 1;
    %load/vec4 v000001865dc912f0_0;
    %flag_set/vec4 8;
    %jmp/0xz  T_1.18, 8;
    %load/vec4 v000001865dc91250_0;
    %pad/u 32;
    %cmpi/e 15, 0, 32;
    %jmp/0xz  T_1.20, 4;
    %pushi/vec4 1, 0, 1;
    %store/vec4 v000001865dc92380_0, 0, 1;
    %pushi/vec4 0, 0, 2;
    %store/vec4 v000001865dc91390_0, 0, 2;
    %jmp T_1.21;
T_1.20 ;
    %load/vec4 v000001865dc91250_0;
    %addi 1, 0, 4;
    %store/vec4 v000001865dc911b0_0, 0, 4;
    %pushi/vec4 3, 0, 2;
    %store/vec4 v000001865dc91390_0, 0, 2;
T_1.21 ;
    %jmp T_1.19;
T_1.18 ;
    %pushi/vec4 3, 0, 2;
    %store/vec4 v000001865dc91390_0, 0, 2;
T_1.19 ;
    %jmp T_1.5;
T_1.5 ;
    %pop/vec4 1;
    %jmp T_1;
    .thread T_1, $push;
# The file index is used to find the file name in the following table.
:file_names 3;
    "N/A";
    "<interactive>";
    "Transmitter.v";
