#! /c/Source/iverilog-install/bin/vvp
:ivl_version "12.0 (devel)" "(s20150603-1110-g18392a46)";
:ivl_delay_selection "TYPICAL";
:vpi_time_precision + 0;
:vpi_module "C:\iverilog\lib\ivl\system.vpi";
:vpi_module "C:\iverilog\lib\ivl\vhdl_sys.vpi";
:vpi_module "C:\iverilog\lib\ivl\vhdl_textio.vpi";
:vpi_module "C:\iverilog\lib\ivl\v2005_math.vpi";
:vpi_module "C:\iverilog\lib\ivl\va_math.vpi";
S_0000027200762720 .scope module, "Spi_slave" "Spi_slave" 2 1;
 .timescale 0 0;
    .port_info 0 /INPUT 1 "MOSI";
    .port_info 1 /INPUT 1 "clk";
    .port_info 2 /INPUT 1 "reset_n";
    .port_info 3 /INPUT 1 "ss_n";
    .port_info 4 /OUTPUT 1 "MISO";
    .port_info 5 /INPUT 8 "tx_data";
    .port_info 6 /INPUT 1 "tx_valid";
    .port_info 7 /OUTPUT 10 "rx_data";
    .port_info 8 /OUTPUT 1 "rx_valid";
v000002720074bde0_0 .var "MISO", 0 0;
o00000272007a1008 .functor BUFZ 1, C4<z>; HiZ drive
v000002720074be80_0 .net "MOSI", 0 0, o00000272007a1008;  0 drivers
v00000272007628b0_0 .var "QR_next", 9 0;
v0000027200762950_0 .var "QR_reg", 9 0;
v00000272007629f0_0 .var "QT_next", 7 0;
v0000027200762a90_0 .var "QT_reg", 7 0;
o00000272007a10f8 .functor BUFZ 1, C4<z>; HiZ drive
v0000027200762b30_0 .net "clk", 0 0, o00000272007a10f8;  0 drivers
o00000272007a1128 .functor BUFZ 1, C4<z>; HiZ drive
v0000027200793180_0 .net "reset_n", 0 0, o00000272007a1128;  0 drivers
v0000027200793220_0 .var "rx_data", 9 0;
v00000272007932c0_0 .var "rx_valid", 0 0;
v0000027200793360_0 .var "s_next", 3 0;
v0000027200793400_0 .var "s_reg", 3 0;
o00000272007a1218 .functor BUFZ 1, C4<z>; HiZ drive
v0000027200794350_0 .net "ss_n", 0 0, o00000272007a1218;  0 drivers
v0000027200793ef0_0 .var "t_next", 3 0;
v0000027200793810_0 .var "t_reg", 3 0;
o00000272007a12a8 .functor BUFZ 8, C4<zzzzzzzz>; HiZ drive
v0000027200793950_0 .net "tx_data", 7 0, o00000272007a12a8;  0 drivers
o00000272007a12d8 .functor BUFZ 1, C4<z>; HiZ drive
v0000027200793bd0_0 .net "tx_valid", 0 0, o00000272007a12d8;  0 drivers
E_0000027200784b50/0 .event anyedge, v0000027200762950_0, v0000027200762a90_0, v0000027200793400_0, v0000027200793810_0;
E_0000027200784b50/1 .event anyedge, v0000027200794350_0, v000002720074be80_0, v0000027200793bd0_0, v0000027200793950_0;
E_0000027200784b50 .event/or E_0000027200784b50/0, E_0000027200784b50/1;
E_0000027200785010/0 .event negedge, v0000027200793180_0;
E_0000027200785010/1 .event posedge, v0000027200762b30_0;
E_0000027200785010 .event/or E_0000027200785010/0, E_0000027200785010/1;
    .scope S_0000027200762720;
T_0 ;
    %wait E_0000027200785010;
    %load/vec4 v0000027200793180_0;
    %nor/r;
    %flag_set/vec4 8;
    %jmp/0xz  T_0.0, 8;
    %pushi/vec4 0, 0, 1;
    %assign/vec4 v00000272007932c0_0, 0;
    %pushi/vec4 0, 0, 10;
    %assign/vec4 v0000027200793220_0, 0;
    %pushi/vec4 0, 0, 4;
    %assign/vec4 v0000027200793400_0, 0;
    %pushi/vec4 0, 0, 10;
    %assign/vec4 v0000027200762950_0, 0;
    %pushi/vec4 0, 0, 8;
    %assign/vec4 v0000027200762a90_0, 0;
    %pushi/vec4 0, 0, 4;
    %assign/vec4 v0000027200793810_0, 0;
    %pushi/vec4 0, 0, 1;
    %assign/vec4 v000002720074bde0_0, 0;
    %jmp T_0.1;
T_0.0 ;
    %load/vec4 v00000272007628b0_0;
    %assign/vec4 v0000027200762950_0, 0;
    %load/vec4 v00000272007629f0_0;
    %assign/vec4 v0000027200762a90_0, 0;
    %load/vec4 v0000027200793360_0;
    %assign/vec4 v0000027200793400_0, 0;
    %load/vec4 v0000027200793ef0_0;
    %assign/vec4 v0000027200793810_0, 0;
T_0.1 ;
    %jmp T_0;
    .thread T_0;
    .scope S_0000027200762720;
T_1 ;
    %wait E_0000027200784b50;
    %load/vec4 v0000027200762950_0;
    %store/vec4 v00000272007628b0_0, 0, 10;
    %load/vec4 v0000027200762a90_0;
    %store/vec4 v00000272007629f0_0, 0, 8;
    %load/vec4 v0000027200793400_0;
    %store/vec4 v0000027200793360_0, 0, 4;
    %load/vec4 v0000027200793810_0;
    %store/vec4 v0000027200793ef0_0, 0, 4;
    %pushi/vec4 0, 0, 1;
    %store/vec4 v00000272007932c0_0, 0, 1;
    %pushi/vec4 0, 0, 10;
    %store/vec4 v0000027200793220_0, 0, 10;
    %pushi/vec4 0, 0, 1;
    %store/vec4 v000002720074bde0_0, 0, 1;
    %load/vec4 v0000027200794350_0;
    %nor/r;
    %flag_set/vec4 8;
    %jmp/0xz  T_1.0, 8;
    %load/vec4 v0000027200793400_0;
    %pad/u 32;
    %cmpi/u 2, 0, 32;
    %jmp/0xz  T_1.2, 5;
    %load/vec4 v000002720074be80_0;
    %load/vec4 v0000027200762950_0;
    %parti/s 9, 1, 2;
    %concat/vec4; draw_concat_vec4
    %store/vec4 v00000272007628b0_0, 0, 10;
    %load/vec4 v0000027200793400_0;
    %addi 1, 0, 4;
    %store/vec4 v0000027200793360_0, 0, 4;
    %jmp T_1.3;
T_1.2 ;
    %load/vec4 v0000027200793400_0;
    %pad/u 32;
    %cmpi/u 10, 0, 32;
    %jmp/0xz  T_1.4, 5;
    %load/vec4 v0000027200762950_0;
    %parti/s 2, 8, 5;
    %load/vec4 v0000027200762950_0;
    %parti/s 7, 0, 2;
    %concat/vec4; draw_concat_vec4
    %load/vec4 v000002720074be80_0;
    %concat/vec4; draw_concat_vec4
    %store/vec4 v00000272007628b0_0, 0, 10;
    %load/vec4 v0000027200793400_0;
    %addi 1, 0, 4;
    %store/vec4 v0000027200793360_0, 0, 4;
    %jmp T_1.5;
T_1.4 ;
    %load/vec4 v0000027200762950_0;
    %parti/s 2, 8, 5;
    %load/vec4 v0000027200762950_0;
    %parti/s 1, 0, 2;
    %concat/vec4; draw_concat_vec4
    %load/vec4 v0000027200762950_0;
    %parti/s 1, 1, 2;
    %concat/vec4; draw_concat_vec4
    %load/vec4 v0000027200762950_0;
    %parti/s 1, 2, 3;
    %concat/vec4; draw_concat_vec4
    %load/vec4 v0000027200762950_0;
    %parti/s 1, 3, 3;
    %concat/vec4; draw_concat_vec4
    %load/vec4 v0000027200762950_0;
    %parti/s 1, 4, 4;
    %concat/vec4; draw_concat_vec4
    %load/vec4 v0000027200762950_0;
    %parti/s 1, 5, 4;
    %concat/vec4; draw_concat_vec4
    %load/vec4 v0000027200762950_0;
    %parti/s 1, 6, 4;
    %concat/vec4; draw_concat_vec4
    %load/vec4 v0000027200762950_0;
    %parti/s 1, 7, 4;
    %concat/vec4; draw_concat_vec4
    %store/vec4 v00000272007628b0_0, 0, 10;
    %load/vec4 v0000027200762950_0;
    %store/vec4 v0000027200793220_0, 0, 10;
    %pushi/vec4 1, 0, 1;
    %store/vec4 v00000272007932c0_0, 0, 1;
    %pushi/vec4 0, 0, 4;
    %store/vec4 v0000027200793360_0, 0, 4;
T_1.5 ;
T_1.3 ;
    %load/vec4 v0000027200793bd0_0;
    %flag_set/vec4 8;
    %jmp/0xz  T_1.6, 8;
    %load/vec4 v0000027200793810_0;
    %pad/u 32;
    %cmpi/e 0, 0, 32;
    %jmp/0xz  T_1.8, 4;
    %load/vec4 v0000027200793950_0;
    %store/vec4 v00000272007629f0_0, 0, 8;
T_1.8 ;
    %load/vec4 v0000027200793810_0;
    %pad/u 32;
    %cmpi/u 8, 0, 32;
    %jmp/0xz  T_1.10, 5;
    %load/vec4 v0000027200762a90_0;
    %parti/s 1, 7, 4;
    %store/vec4 v000002720074bde0_0, 0, 1;
    %load/vec4 v0000027200762a90_0;
    %parti/s 7, 0, 2;
    %concati/vec4 0, 0, 1;
    %store/vec4 v00000272007629f0_0, 0, 8;
    %load/vec4 v0000027200793810_0;
    %addi 1, 0, 4;
    %store/vec4 v0000027200793ef0_0, 0, 4;
    %jmp T_1.11;
T_1.10 ;
    %pushi/vec4 0, 0, 1;
    %store/vec4 v000002720074bde0_0, 0, 1;
T_1.11 ;
T_1.6 ;
    %jmp T_1.1;
T_1.0 ;
    %pushi/vec4 0, 0, 1;
    %store/vec4 v00000272007932c0_0, 0, 1;
    %pushi/vec4 0, 0, 1;
    %store/vec4 v000002720074bde0_0, 0, 1;
    %pushi/vec4 0, 0, 4;
    %store/vec4 v0000027200793360_0, 0, 4;
    %pushi/vec4 0, 0, 4;
    %store/vec4 v0000027200793ef0_0, 0, 4;
T_1.1 ;
    %jmp T_1;
    .thread T_1, $push;
# The file index is used to find the file name in the following table.
:file_names 3;
    "N/A";
    "<interactive>";
    "spi_slave.v";
